
> zapping-zero@0.0.1 build
> astro build

[2m11:53:17[22m [34m[content][39m Syncing content
[2m11:53:17[22m [34m[cloudinary-assets-loader][39m Loading Cloudinary Assets
[2m11:53:18[22m [34m[content][39m Synced content
[2m11:53:18[22m [34m[types][39m Generated [2m1.77s[22m
[2m11:53:18[22m [34m[build][39m output: [34m"server"[39m
[2m11:53:18[22m [34m[build][39m mode: [34m"server"[39m
[2m11:53:18[22m [34m[build][39m directory: [34mC:\Users\JJALa\Desktop\2026Developer\Astro Projects\De Koninklijkeloop\dist\[39m
[2m11:53:18[22m [34m[build][39m adapter: [32m@astrojs/vercel[39m
[2m11:53:18[22m [34m[build][39m Collecting build info...
[2m11:53:18[22m [34m[build][39m [32m Completed in 1.91s.[39m
[2m11:53:18[22m [34m[build][39m Building server entrypoints...
[33m[1m11:53:20[22m [WARN] [vite][39m [33m"Calendar" is imported from external module "lucide-react" but never used in "src/components/admin/DashboardTable.tsx".[39m
[2m11:53:21[22m [34m[vite][39m [32m built in 2.99s[39m
[2m11:53:21[22m [34m[build][39m [32m Completed in 3.07s.[39m

[42m[30m building client (vite) [39m[49m
[2m11:53:21[22m [34m[vite][39m transforming...
[2m11:53:22[22m [34m[vite][39m [32m[39m 76 modules transformed.
11:53:22 [ERROR] [vite]  Build failed in 1.71s
Could not resolve "../lib/analytics" from "src/components/blocks/MasonryGallery.astro?astro&type=script&index=0&lang.ts"
file: C:/Users/JJALa/Desktop/2026Developer/Astro Projects/De Koninklijkeloop/src/components/blocks/MasonryGallery.astro?astro&type=script&index=0&lang.ts
  Stack trace:
    at getRollupError (file:///C:/Users/JJALa/Desktop/2026Developer/Astro%20Projects/De%20Koninklijkeloop/node_modules/rollup/dist/es/shared/parseAst.js:400:41)
    at ModuleLoader.handleInvalidResolvedId (file:///C:/Users/JJALa/Desktop/2026Developer/Astro%20Projects/De%20Koninklijkeloop/node_modules/rollup/dist/es/shared/node-entry.js:21666:24)
